<?xml version="1.0" encoding="UTF-8"?>
<coverage generated="1517066463">
  <project timestamp="1517066463">
    <file name="C:\Projetos\charles.art.br\charles.art.br-api-codeigniter\application/controllers/Agency.php">
      <class name="Agency" namespace="global">
        <metrics methods="2" coveredmethods="0" conditionals="0" coveredconditionals="0" statements="11" coveredstatements="0" elements="13" coveredelements="0"/>
      </class>
      <line num="3" type="stmt" count="0"/>
      <line num="7" type="method" name="__construct" crap="2" count="0"/>
      <line num="8" type="stmt" count="0"/>
      <line num="9" type="stmt" count="0"/>
      <line num="11" type="stmt" count="0"/>
      <line num="12" type="stmt" count="0"/>
      <line num="14" type="method" name="index_get" crap="6" count="0"/>
      <line num="15" type="stmt" count="0"/>
      <line num="16" type="stmt" count="0"/>
      <line num="17" type="stmt" count="0"/>
      <line num="18" type="stmt" count="0"/>
      <line num="19" type="stmt" count="0"/>
      <line num="21" type="stmt" count="0"/>
      <line num="22" type="stmt" count="0"/>
      <metrics loc="23" ncloc="23" classes="1" methods="2" coveredmethods="0" conditionals="0" coveredconditionals="0" statements="12" coveredstatements="0" elements="14" coveredelements="0"/>
    </file>
    <file name="C:\Projetos\charles.art.br\charles.art.br-api-codeigniter\application/controllers/Home.php">
      <class name="Home" namespace="global">
        <metrics methods="1" coveredmethods="0" conditionals="0" coveredconditionals="0" statements="4" coveredstatements="0" elements="5" coveredelements="0"/>
      </class>
      <line num="3" type="stmt" count="0"/>
      <line num="7" type="method" name="index_get" crap="2" count="0"/>
      <line num="8" type="stmt" count="0"/>
      <line num="9" type="stmt" count="0"/>
      <line num="11" type="stmt" count="0"/>
      <line num="12" type="stmt" count="0"/>
      <metrics loc="13" ncloc="13" classes="1" methods="1" coveredmethods="0" conditionals="0" coveredconditionals="0" statements="5" coveredstatements="0" elements="6" coveredelements="0"/>
    </file>
    <file name="C:\Projetos\charles.art.br\charles.art.br-api-codeigniter\application/controllers/Job.php">
      <class name="Job" namespace="global">
        <metrics methods="2" coveredmethods="0" conditionals="0" coveredconditionals="0" statements="11" coveredstatements="0" elements="13" coveredelements="0"/>
      </class>
      <line num="3" type="stmt" count="0"/>
      <line num="7" type="method" name="__construct" crap="2" count="0"/>
      <line num="8" type="stmt" count="0"/>
      <line num="9" type="stmt" count="0"/>
      <line num="11" type="stmt" count="0"/>
      <line num="12" type="stmt" count="0"/>
      <line num="14" type="method" name="index_get" crap="6" count="0"/>
      <line num="15" type="stmt" count="0"/>
      <line num="16" type="stmt" count="0"/>
      <line num="17" type="stmt" count="0"/>
      <line num="18" type="stmt" count="0"/>
      <line num="19" type="stmt" count="0"/>
      <line num="21" type="stmt" count="0"/>
      <line num="22" type="stmt" count="0"/>
      <metrics loc="23" ncloc="23" classes="1" methods="2" coveredmethods="0" conditionals="0" coveredconditionals="0" statements="12" coveredstatements="0" elements="14" coveredelements="0"/>
    </file>
    <file name="C:\Projetos\charles.art.br\charles.art.br-api-codeigniter\application/controllers/Technology.php">
      <class name="Technology" namespace="global">
        <metrics methods="2" coveredmethods="0" conditionals="0" coveredconditionals="0" statements="11" coveredstatements="0" elements="13" coveredelements="0"/>
      </class>
      <line num="3" type="stmt" count="0"/>
      <line num="7" type="method" name="__construct" crap="2" count="0"/>
      <line num="8" type="stmt" count="0"/>
      <line num="9" type="stmt" count="0"/>
      <line num="11" type="stmt" count="0"/>
      <line num="12" type="stmt" count="0"/>
      <line num="14" type="method" name="index_get" crap="6" count="0"/>
      <line num="15" type="stmt" count="0"/>
      <line num="16" type="stmt" count="0"/>
      <line num="17" type="stmt" count="0"/>
      <line num="18" type="stmt" count="0"/>
      <line num="19" type="stmt" count="0"/>
      <line num="21" type="stmt" count="0"/>
      <line num="22" type="stmt" count="0"/>
      <metrics loc="23" ncloc="23" classes="1" methods="2" coveredmethods="0" conditionals="0" coveredconditionals="0" statements="12" coveredstatements="0" elements="14" coveredelements="0"/>
    </file>
    <file name="C:\Projetos\charles.art.br\charles.art.br-api-codeigniter\application/helpers/db_helper.php">
      <line num="5" type="stmt" count="0"/>
      <line num="7" type="stmt" count="0"/>
      <line num="8" type="stmt" count="0"/>
      <line num="19" type="stmt" count="0"/>
      <line num="20" type="stmt" count="0"/>
      <line num="22" type="stmt" count="0"/>
      <line num="23" type="stmt" count="0"/>
      <line num="24" type="stmt" count="0"/>
      <line num="26" type="stmt" count="0"/>
      <line num="27" type="stmt" count="0"/>
      <line num="35" type="stmt" count="0"/>
      <line num="36" type="stmt" count="0"/>
      <line num="37" type="stmt" count="0"/>
      <line num="38" type="stmt" count="0"/>
      <line num="40" type="stmt" count="0"/>
      <line num="41" type="stmt" count="0"/>
      <line num="53" type="stmt" count="0"/>
      <line num="54" type="stmt" count="0"/>
      <line num="55" type="stmt" count="0"/>
      <line num="56" type="stmt" count="0"/>
      <line num="58" type="stmt" count="0"/>
      <line num="59" type="stmt" count="0"/>
      <line num="66" type="stmt" count="0"/>
      <line num="67" type="stmt" count="0"/>
      <line num="68" type="stmt" count="0"/>
      <line num="69" type="stmt" count="0"/>
      <metrics loc="69" ncloc="36" classes="0" methods="0" coveredmethods="0" conditionals="0" coveredconditionals="0" statements="26" coveredstatements="0" elements="26" coveredelements="0"/>
    </file>
    <file name="C:\Projetos\charles.art.br\charles.art.br-api-codeigniter\application/libraries/Format.php">
      <class name="Format" namespace="global">
        <metrics methods="14" coveredmethods="0" conditionals="0" coveredconditionals="0" statements="219" coveredstatements="0" elements="233" coveredelements="0"/>
      </class>
      <line num="3" type="stmt" count="0"/>
      <line num="83" type="method" name="__construct" crap="12" count="0"/>
      <line num="84" type="stmt" count="0"/>
      <line num="86" type="stmt" count="0"/>
      <line num="89" type="stmt" count="0"/>
      <line num="92" type="stmt" count="0"/>
      <line num="93" type="stmt" count="0"/>
      <line num="94" type="stmt" count="0"/>
      <line num="95" type="stmt" count="0"/>
      <line num="96" type="stmt" count="0"/>
      <line num="97" type="stmt" count="0"/>
      <line num="98" type="stmt" count="0"/>
      <line num="99" type="stmt" count="0"/>
      <line num="100" type="stmt" count="0"/>
      <line num="101" type="stmt" count="0"/>
      <line num="102" type="stmt" count="0"/>
      <line num="105" type="stmt" count="0"/>
      <line num="106" type="stmt" count="0"/>
      <line num="117" type="method" name="factory" crap="2" count="0"/>
      <line num="118" type="stmt" count="0"/>
      <line num="122" type="stmt" count="0"/>
      <line num="123" type="stmt" count="0"/>
      <line num="134" type="method" name="to_array" crap="56" count="0"/>
      <line num="135" type="stmt" count="0"/>
      <line num="138" type="stmt" count="0"/>
      <line num="139" type="stmt" count="0"/>
      <line num="140" type="stmt" count="0"/>
      <line num="141" type="stmt" count="0"/>
      <line num="144" type="stmt" count="0"/>
      <line num="145" type="stmt" count="0"/>
      <line num="146" type="stmt" count="0"/>
      <line num="147" type="stmt" count="0"/>
      <line num="149" type="stmt" count="0"/>
      <line num="150" type="stmt" count="0"/>
      <line num="151" type="stmt" count="0"/>
      <line num="152" type="stmt" count="0"/>
      <line num="153" type="stmt" count="0"/>
      <line num="154" type="stmt" count="0"/>
      <line num="155" type="stmt" count="0"/>
      <line num="156" type="stmt" count="0"/>
      <line num="157" type="stmt" count="0"/>
      <line num="158" type="stmt" count="0"/>
      <line num="159" type="stmt" count="0"/>
      <line num="160" type="stmt" count="0"/>
      <line num="162" type="stmt" count="0"/>
      <line num="163" type="stmt" count="0"/>
      <line num="174" type="method" name="to_xml" crap="306" count="0"/>
      <line num="175" type="stmt" count="0"/>
      <line num="176" type="stmt" count="0"/>
      <line num="177" type="stmt" count="0"/>
      <line num="178" type="stmt" count="0"/>
      <line num="179" type="stmt" count="0"/>
      <line num="181" type="stmt" count="0"/>
      <line num="182" type="stmt" count="0"/>
      <line num="183" type="stmt" count="0"/>
      <line num="184" type="stmt" count="0"/>
      <line num="187" type="stmt" count="0"/>
      <line num="188" type="stmt" count="0"/>
      <line num="189" type="stmt" count="0"/>
      <line num="190" type="stmt" count="0"/>
      <line num="192" type="stmt" count="0"/>
      <line num="193" type="stmt" count="0"/>
      <line num="196" type="stmt" count="0"/>
      <line num="197" type="stmt" count="0"/>
      <line num="198" type="stmt" count="0"/>
      <line num="199" type="stmt" count="0"/>
      <line num="202" type="stmt" count="0"/>
      <line num="203" type="stmt" count="0"/>
      <line num="205" type="stmt" count="0"/>
      <line num="206" type="stmt" count="0"/>
      <line num="209" type="stmt" count="0"/>
      <line num="211" type="stmt" count="0"/>
      <line num="212" type="stmt" count="0"/>
      <line num="213" type="stmt" count="0"/>
      <line num="214" type="stmt" count="0"/>
      <line num="215" type="stmt" count="0"/>
      <line num="216" type="stmt" count="0"/>
      <line num="217" type="stmt" count="0"/>
      <line num="219" type="stmt" count="0"/>
      <line num="220" type="stmt" count="0"/>
      <line num="221" type="stmt" count="0"/>
      <line num="222" type="stmt" count="0"/>
      <line num="223" type="stmt" count="0"/>
      <line num="225" type="stmt" count="0"/>
      <line num="226" type="stmt" count="0"/>
      <line num="227" type="stmt" count="0"/>
      <line num="230" type="stmt" count="0"/>
      <line num="231" type="stmt" count="0"/>
      <line num="232" type="stmt" count="0"/>
      <line num="233" type="stmt" count="0"/>
      <line num="235" type="stmt" count="0"/>
      <line num="237" type="stmt" count="0"/>
      <line num="238" type="stmt" count="0"/>
      <line num="239" type="stmt" count="0"/>
      <line num="241" type="stmt" count="0"/>
      <line num="242" type="stmt" count="0"/>
      <line num="251" type="method" name="to_html" crap="56" count="0"/>
      <line num="252" type="stmt" count="0"/>
      <line num="255" type="stmt" count="0"/>
      <line num="256" type="stmt" count="0"/>
      <line num="257" type="stmt" count="0"/>
      <line num="258" type="stmt" count="0"/>
      <line num="261" type="stmt" count="0"/>
      <line num="262" type="stmt" count="0"/>
      <line num="263" type="stmt" count="0"/>
      <line num="264" type="stmt" count="0"/>
      <line num="267" type="stmt" count="0"/>
      <line num="268" type="stmt" count="0"/>
      <line num="270" type="stmt" count="0"/>
      <line num="271" type="stmt" count="0"/>
      <line num="272" type="stmt" count="0"/>
      <line num="273" type="stmt" count="0"/>
      <line num="275" type="stmt" count="0"/>
      <line num="276" type="stmt" count="0"/>
      <line num="277" type="stmt" count="0"/>
      <line num="280" type="stmt" count="0"/>
      <line num="282" type="stmt" count="0"/>
      <line num="284" type="stmt" count="0"/>
      <line num="285" type="stmt" count="0"/>
      <line num="288" type="stmt" count="0"/>
      <line num="290" type="stmt" count="0"/>
      <line num="291" type="stmt" count="0"/>
      <line num="293" type="stmt" count="0"/>
      <line num="294" type="stmt" count="0"/>
      <line num="306" type="method" name="to_csv" crap="132" count="0"/>
      <line num="307" type="stmt" count="0"/>
      <line num="309" type="stmt" count="0"/>
      <line num="310" type="stmt" count="0"/>
      <line num="311" type="stmt" count="0"/>
      <line num="312" type="stmt" count="0"/>
      <line num="313" type="stmt" count="0"/>
      <line num="317" type="stmt" count="0"/>
      <line num="318" type="stmt" count="0"/>
      <line num="319" type="stmt" count="0"/>
      <line num="320" type="stmt" count="0"/>
      <line num="323" type="stmt" count="0"/>
      <line num="324" type="stmt" count="0"/>
      <line num="325" type="stmt" count="0"/>
      <line num="326" type="stmt" count="0"/>
      <line num="329" type="stmt" count="0"/>
      <line num="330" type="stmt" count="0"/>
      <line num="331" type="stmt" count="0"/>
      <line num="332" type="stmt" count="0"/>
      <line num="335" type="stmt" count="0"/>
      <line num="336" type="stmt" count="0"/>
      <line num="337" type="stmt" count="0"/>
      <line num="338" type="stmt" count="0"/>
      <line num="341" type="stmt" count="0"/>
      <line num="342" type="stmt" count="0"/>
      <line num="344" type="stmt" count="0"/>
      <line num="345" type="stmt" count="0"/>
      <line num="346" type="stmt" count="0"/>
      <line num="347" type="stmt" count="0"/>
      <line num="349" type="stmt" count="0"/>
      <line num="350" type="stmt" count="0"/>
      <line num="351" type="stmt" count="0"/>
      <line num="354" type="stmt" count="0"/>
      <line num="356" type="stmt" count="0"/>
      <line num="357" type="stmt" count="0"/>
      <line num="360" type="stmt" count="0"/>
      <line num="361" type="stmt" count="0"/>
      <line num="362" type="stmt" count="0"/>
      <line num="363" type="stmt" count="0"/>
      <line num="367" type="stmt" count="0"/>
      <line num="370" type="stmt" count="0"/>
      <line num="371" type="stmt" count="0"/>
      <line num="374" type="stmt" count="0"/>
      <line num="377" type="stmt" count="0"/>
      <line num="380" type="stmt" count="0"/>
      <line num="383" type="stmt" count="0"/>
      <line num="385" type="stmt" count="0"/>
      <line num="386" type="stmt" count="0"/>
      <line num="395" type="method" name="to_json" crap="30" count="0"/>
      <line num="396" type="stmt" count="0"/>
      <line num="399" type="stmt" count="0"/>
      <line num="400" type="stmt" count="0"/>
      <line num="401" type="stmt" count="0"/>
      <line num="402" type="stmt" count="0"/>
      <line num="405" type="stmt" count="0"/>
      <line num="407" type="stmt" count="0"/>
      <line num="408" type="stmt" count="0"/>
      <line num="409" type="stmt" count="0"/>
      <line num="410" type="stmt" count="0"/>
      <line num="413" type="stmt" count="0"/>
      <line num="414" type="stmt" count="0"/>
      <line num="416" type="stmt" count="0"/>
      <line num="417" type="stmt" count="0"/>
      <line num="421" type="stmt" count="0"/>
      <line num="423" type="stmt" count="0"/>
      <line num="424" type="stmt" count="0"/>
      <line num="433" type="method" name="to_serialized" crap="12" count="0"/>
      <line num="434" type="stmt" count="0"/>
      <line num="437" type="stmt" count="0"/>
      <line num="438" type="stmt" count="0"/>
      <line num="439" type="stmt" count="0"/>
      <line num="440" type="stmt" count="0"/>
      <line num="442" type="stmt" count="0"/>
      <line num="443" type="stmt" count="0"/>
      <line num="452" type="method" name="to_php" crap="12" count="0"/>
      <line num="453" type="stmt" count="0"/>
      <line num="456" type="stmt" count="0"/>
      <line num="457" type="stmt" count="0"/>
      <line num="458" type="stmt" count="0"/>
      <line num="459" type="stmt" count="0"/>
      <line num="461" type="stmt" count="0"/>
      <line num="462" type="stmt" count="0"/>
      <line num="470" type="method" name="_from_xml" crap="6" count="0"/>
      <line num="471" type="stmt" count="0"/>
      <line num="472" type="stmt" count="0"/>
      <line num="473" type="stmt" count="0"/>
      <line num="484" type="method" name="_from_csv" crap="12" count="0"/>
      <line num="485" type="stmt" count="0"/>
      <line num="487" type="stmt" count="0"/>
      <line num="488" type="stmt" count="0"/>
      <line num="489" type="stmt" count="0"/>
      <line num="490" type="stmt" count="0"/>
      <line num="493" type="stmt" count="0"/>
      <line num="494" type="stmt" count="0"/>
      <line num="495" type="stmt" count="0"/>
      <line num="496" type="stmt" count="0"/>
      <line num="498" type="stmt" count="0"/>
      <line num="499" type="stmt" count="0"/>
      <line num="505" type="method" name="_from_json" crap="2" count="0"/>
      <line num="506" type="stmt" count="0"/>
      <line num="507" type="stmt" count="0"/>
      <line num="508" type="stmt" count="0"/>
      <line num="514" type="method" name="_from_serialize" crap="2" count="0"/>
      <line num="515" type="stmt" count="0"/>
      <line num="516" type="stmt" count="0"/>
      <line num="517" type="stmt" count="0"/>
      <line num="523" type="method" name="_from_php" crap="2" count="0"/>
      <line num="524" type="stmt" count="0"/>
      <line num="525" type="stmt" count="0"/>
      <line num="526" type="stmt" count="0"/>
      <metrics loc="527" ncloc="264" classes="1" methods="14" coveredmethods="0" conditionals="0" coveredconditionals="0" statements="220" coveredstatements="0" elements="234" coveredelements="0"/>
    </file>
    <file name="C:\Projetos\charles.art.br\charles.art.br-api-codeigniter\application/libraries/REST_Controller.php">
      <class name="REST_Controller" namespace="global" fullPackage="CodeIgniter.Libraries" category="Libraries" package="CodeIgniter" subpackage="Libraries">
        <metrics methods="48" coveredmethods="0" conditionals="0" coveredconditionals="0" statements="937" coveredstatements="0" elements="985" coveredelements="0"/>
      </class>
      <line num="379" type="method" name="early_checks" crap="2" count="0"/>
      <line num="380" type="stmt" count="0"/>
      <line num="381" type="stmt" count="0"/>
      <line num="390" type="method" name="__construct" crap="870" count="0"/>
      <line num="391" type="stmt" count="0"/>
      <line num="392" type="stmt" count="0"/>
      <line num="394" type="stmt" count="0"/>
      <line num="397" type="stmt" count="0"/>
      <line num="401" type="stmt" count="0"/>
      <line num="404" type="stmt" count="0"/>
      <line num="407" type="stmt" count="0"/>
      <line num="410" type="stmt" count="0"/>
      <line num="411" type="stmt" count="0"/>
      <line num="412" type="stmt" count="0"/>
      <line num="413" type="stmt" count="0"/>
      <line num="416" type="stmt" count="0"/>
      <line num="417" type="stmt" count="0"/>
      <line num="422" type="stmt" count="0"/>
      <line num="425" type="stmt" count="0"/>
      <line num="426" type="stmt" count="0"/>
      <line num="427" type="stmt" count="0"/>
      <line num="428" type="stmt" count="0"/>
      <line num="430" type="stmt" count="0"/>
      <line num="431" type="stmt" count="0"/>
      <line num="432" type="stmt" count="0"/>
      <line num="433" type="stmt" count="0"/>
      <line num="436" type="stmt" count="0"/>
      <line num="437" type="stmt" count="0"/>
      <line num="438" type="stmt" count="0"/>
      <line num="439" type="stmt" count="0"/>
      <line num="440" type="stmt" count="0"/>
      <line num="443" type="stmt" count="0"/>
      <line num="446" type="stmt" count="0"/>
      <line num="447" type="stmt" count="0"/>
      <line num="448" type="stmt" count="0"/>
      <line num="449" type="stmt" count="0"/>
      <line num="450" type="stmt" count="0"/>
      <line num="453" type="stmt" count="0"/>
      <line num="456" type="stmt" count="0"/>
      <line num="457" type="stmt" count="0"/>
      <line num="458" type="stmt" count="0"/>
      <line num="461" type="stmt" count="0"/>
      <line num="462" type="stmt" count="0"/>
      <line num="463" type="stmt" count="0"/>
      <line num="464" type="stmt" count="0"/>
      <line num="467" type="stmt" count="0"/>
      <line num="470" type="stmt" count="0"/>
      <line num="473" type="stmt" count="0"/>
      <line num="474" type="stmt" count="0"/>
      <line num="475" type="stmt" count="0"/>
      <line num="476" type="stmt" count="0"/>
      <line num="477" type="stmt" count="0"/>
      <line num="480" type="stmt" count="0"/>
      <line num="481" type="stmt" count="0"/>
      <line num="482" type="stmt" count="0"/>
      <line num="483" type="stmt" count="0"/>
      <line num="486" type="stmt" count="0"/>
      <line num="489" type="stmt" count="0"/>
      <line num="492" type="stmt" count="0"/>
      <line num="495" type="stmt" count="0"/>
      <line num="497" type="stmt" count="0"/>
      <line num="500" type="stmt" count="0"/>
      <line num="501" type="stmt" count="0"/>
      <line num="502" type="stmt" count="0"/>
      <line num="503" type="stmt" count="0"/>
      <line num="506" type="stmt" count="0"/>
      <line num="507" type="stmt" count="0"/>
      <line num="508" type="stmt" count="0"/>
      <line num="510" type="stmt" count="0"/>
      <line num="511" type="stmt" count="0"/>
      <line num="514" type="stmt" count="0"/>
      <line num="517" type="stmt" count="0"/>
      <line num="518" type="stmt" count="0"/>
      <line num="519" type="stmt" count="0"/>
      <line num="520" type="stmt" count="0"/>
      <line num="521" type="stmt" count="0"/>
      <line num="522" type="stmt" count="0"/>
      <line num="523" type="stmt" count="0"/>
      <line num="524" type="stmt" count="0"/>
      <line num="525" type="stmt" count="0"/>
      <line num="526" type="stmt" count="0"/>
      <line num="529" type="stmt" count="0"/>
      <line num="532" type="stmt" count="0"/>
      <line num="535" type="stmt" count="0"/>
      <line num="538" type="stmt" count="0"/>
      <line num="539" type="stmt" count="0"/>
      <line num="540" type="stmt" count="0"/>
      <line num="541" type="stmt" count="0"/>
      <line num="544" type="stmt" count="0"/>
      <line num="546" type="stmt" count="0"/>
      <line num="547" type="stmt" count="0"/>
      <line num="551" type="stmt" count="0"/>
      <line num="555" type="stmt" count="0"/>
      <line num="556" type="stmt" count="0"/>
      <line num="557" type="stmt" count="0"/>
      <line num="558" type="stmt" count="0"/>
      <line num="561" type="stmt" count="0"/>
      <line num="562" type="stmt" count="0"/>
      <line num="564" type="stmt" count="0"/>
      <line num="565" type="stmt" count="0"/>
      <line num="566" type="stmt" count="0"/>
      <line num="567" type="stmt" count="0"/>
      <line num="568" type="stmt" count="0"/>
      <line num="571" type="stmt" count="0"/>
      <line num="572" type="stmt" count="0"/>
      <line num="573" type="stmt" count="0"/>
      <line num="574" type="stmt" count="0"/>
      <line num="575" type="stmt" count="0"/>
      <line num="578" type="stmt" count="0"/>
      <line num="579" type="stmt" count="0"/>
      <line num="580" type="stmt" count="0"/>
      <line num="581" type="stmt" count="0"/>
      <line num="582" type="stmt" count="0"/>
      <line num="583" type="stmt" count="0"/>
      <line num="584" type="stmt" count="0"/>
      <line num="585" type="stmt" count="0"/>
      <line num="586" type="stmt" count="0"/>
      <line num="588" type="stmt" count="0"/>
      <line num="589" type="stmt" count="0"/>
      <line num="590" type="stmt" count="0"/>
      <line num="591" type="stmt" count="0"/>
      <line num="592" type="stmt" count="0"/>
      <line num="593" type="stmt" count="0"/>
      <line num="598" type="method" name="get_local_config" crap="12" count="0"/>
      <line num="599" type="stmt" count="0"/>
      <line num="600" type="stmt" count="0"/>
      <line num="601" type="stmt" count="0"/>
      <line num="602" type="stmt" count="0"/>
      <line num="603" type="stmt" count="0"/>
      <line num="605" type="stmt" count="0"/>
      <line num="607" type="stmt" count="0"/>
      <line num="608" type="stmt" count="0"/>
      <line num="609" type="stmt" count="0"/>
      <line num="611" type="stmt" count="0"/>
      <line num="612" type="stmt" count="0"/>
      <line num="621" type="method" name="__destruct" crap="6" count="0"/>
      <line num="622" type="stmt" count="0"/>
      <line num="624" type="stmt" count="0"/>
      <line num="627" type="stmt" count="0"/>
      <line num="628" type="stmt" count="0"/>
      <line num="629" type="stmt" count="0"/>
      <line num="630" type="stmt" count="0"/>
      <line num="631" type="stmt" count="0"/>
      <line num="639" type="method" name="preflight_checks" crap="12" count="0"/>
      <line num="640" type="stmt" count="0"/>
      <line num="642" type="stmt" count="0"/>
      <line num="643" type="stmt" count="0"/>
      <line num="645" type="stmt" count="0"/>
      <line num="649" type="stmt" count="0"/>
      <line num="650" type="stmt" count="0"/>
      <line num="651" type="stmt" count="0"/>
      <line num="653" type="stmt" count="0"/>
      <line num="665" type="method" name="_remap" crap="1332" count="0"/>
      <line num="666" type="stmt" count="0"/>
      <line num="668" type="stmt" count="0"/>
      <line num="669" type="stmt" count="0"/>
      <line num="670" type="stmt" count="0"/>
      <line num="671" type="stmt" count="0"/>
      <line num="672" type="stmt" count="0"/>
      <line num="673" type="stmt" count="0"/>
      <line num="675" type="stmt" count="0"/>
      <line num="676" type="stmt" count="0"/>
      <line num="679" type="stmt" count="0"/>
      <line num="681" type="stmt" count="0"/>
      <line num="683" type="stmt" count="0"/>
      <line num="684" type="stmt" count="0"/>
      <line num="685" type="stmt" count="0"/>
      <line num="686" type="stmt" count="0"/>
      <line num="689" type="stmt" count="0"/>
      <line num="692" type="stmt" count="0"/>
      <line num="695" type="stmt" count="0"/>
      <line num="696" type="stmt" count="0"/>
      <line num="697" type="stmt" count="0"/>
      <line num="698" type="stmt" count="0"/>
      <line num="699" type="stmt" count="0"/>
      <line num="700" type="stmt" count="0"/>
      <line num="703" type="stmt" count="0"/>
      <line num="704" type="stmt" count="0"/>
      <line num="705" type="stmt" count="0"/>
      <line num="707" type="stmt" count="0"/>
      <line num="708" type="stmt" count="0"/>
      <line num="709" type="stmt" count="0"/>
      <line num="710" type="stmt" count="0"/>
      <line num="712" type="stmt" count="0"/>
      <line num="713" type="stmt" count="0"/>
      <line num="716" type="stmt" count="0"/>
      <line num="717" type="stmt" count="0"/>
      <line num="718" type="stmt" count="0"/>
      <line num="719" type="stmt" count="0"/>
      <line num="720" type="stmt" count="0"/>
      <line num="721" type="stmt" count="0"/>
      <line num="723" type="stmt" count="0"/>
      <line num="724" type="stmt" count="0"/>
      <line num="725" type="stmt" count="0"/>
      <line num="726" type="stmt" count="0"/>
      <line num="728" type="stmt" count="0"/>
      <line num="729" type="stmt" count="0"/>
      <line num="732" type="stmt" count="0"/>
      <line num="733" type="stmt" count="0"/>
      <line num="734" type="stmt" count="0"/>
      <line num="735" type="stmt" count="0"/>
      <line num="736" type="stmt" count="0"/>
      <line num="737" type="stmt" count="0"/>
      <line num="739" type="stmt" count="0"/>
      <line num="740" type="stmt" count="0"/>
      <line num="743" type="stmt" count="0"/>
      <line num="744" type="stmt" count="0"/>
      <line num="746" type="stmt" count="0"/>
      <line num="747" type="stmt" count="0"/>
      <line num="748" type="stmt" count="0"/>
      <line num="749" type="stmt" count="0"/>
      <line num="751" type="stmt" count="0"/>
      <line num="752" type="stmt" count="0"/>
      <line num="755" type="stmt" count="0"/>
      <line num="758" type="stmt" count="0"/>
      <line num="760" type="stmt" count="0"/>
      <line num="761" type="stmt" count="0"/>
      <line num="762" type="stmt" count="0"/>
      <line num="763" type="stmt" count="0"/>
      <line num="764" type="stmt" count="0"/>
      <line num="765" type="stmt" count="0"/>
      <line num="767" type="stmt" count="0"/>
      <line num="768" type="stmt" count="0"/>
      <line num="770" type="stmt" count="0"/>
      <line num="771" type="stmt" count="0"/>
      <line num="772" type="stmt" count="0"/>
      <line num="775" type="stmt" count="0"/>
      <line num="777" type="stmt" count="0"/>
      <line num="778" type="stmt" count="0"/>
      <line num="780" type="stmt" count="0"/>
      <line num="781" type="stmt" count="0"/>
      <line num="784" type="stmt" count="0"/>
      <line num="786" type="stmt" count="0"/>
      <line num="787" type="stmt" count="0"/>
      <line num="792" type="stmt" count="0"/>
      <line num="793" type="stmt" count="0"/>
      <line num="794" type="stmt" count="0"/>
      <line num="796" type="stmt" count="0"/>
      <line num="799" type="stmt" count="0"/>
      <line num="801" type="stmt" count="0"/>
      <line num="803" type="stmt" count="0"/>
      <line num="804" type="stmt" count="0"/>
      <line num="808" type="stmt" count="0"/>
      <line num="809" type="stmt" count="0"/>
      <line num="811" type="stmt" count="0"/>
      <line num="822" type="method" name="response" crap="156" count="0"/>
      <line num="823" type="stmt" count="0"/>
      <line num="824" type="stmt" count="0"/>
      <line num="826" type="stmt" count="0"/>
      <line num="827" type="stmt" count="0"/>
      <line num="829" type="stmt" count="0"/>
      <line num="830" type="stmt" count="0"/>
      <line num="833" type="stmt" count="0"/>
      <line num="836" type="stmt" count="0"/>
      <line num="837" type="stmt" count="0"/>
      <line num="838" type="stmt" count="0"/>
      <line num="839" type="stmt" count="0"/>
      <line num="842" type="stmt" count="0"/>
      <line num="845" type="stmt" count="0"/>
      <line num="846" type="stmt" count="0"/>
      <line num="848" type="stmt" count="0"/>
      <line num="849" type="stmt" count="0"/>
      <line num="853" type="stmt" count="0"/>
      <line num="854" type="stmt" count="0"/>
      <line num="855" type="stmt" count="0"/>
      <line num="856" type="stmt" count="0"/>
      <line num="857" type="stmt" count="0"/>
      <line num="861" type="stmt" count="0"/>
      <line num="862" type="stmt" count="0"/>
      <line num="863" type="stmt" count="0"/>
      <line num="864" type="stmt" count="0"/>
      <line num="867" type="stmt" count="0"/>
      <line num="869" type="stmt" count="0"/>
      <line num="874" type="stmt" count="0"/>
      <line num="876" type="stmt" count="0"/>
      <line num="879" type="stmt" count="0"/>
      <line num="880" type="stmt" count="0"/>
      <line num="881" type="stmt" count="0"/>
      <line num="882" type="stmt" count="0"/>
      <line num="885" type="stmt" count="0"/>
      <line num="887" type="stmt" count="0"/>
      <line num="888" type="stmt" count="0"/>
      <line num="890" type="stmt" count="0"/>
      <line num="891" type="stmt" count="0"/>
      <line num="892" type="stmt" count="0"/>
      <line num="895" type="stmt" count="0"/>
      <line num="899" type="stmt" count="0"/>
      <line num="911" type="method" name="set_response" crap="2" count="0"/>
      <line num="912" type="stmt" count="0"/>
      <line num="913" type="stmt" count="0"/>
      <line num="914" type="stmt" count="0"/>
      <line num="922" type="method" name="_detect_input_format" crap="30" count="0"/>
      <line num="923" type="stmt" count="0"/>
      <line num="925" type="stmt" count="0"/>
      <line num="927" type="stmt" count="0"/>
      <line num="928" type="stmt" count="0"/>
      <line num="931" type="stmt" count="0"/>
      <line num="934" type="stmt" count="0"/>
      <line num="940" type="stmt" count="0"/>
      <line num="941" type="stmt" count="0"/>
      <line num="942" type="stmt" count="0"/>
      <line num="944" type="stmt" count="0"/>
      <line num="945" type="stmt" count="0"/>
      <line num="947" type="stmt" count="0"/>
      <line num="958" type="method" name="_get_default_output_format" crap="6" count="0"/>
      <line num="959" type="stmt" count="0"/>
      <line num="960" type="stmt" count="0"/>
      <line num="961" type="stmt" count="0"/>
      <line num="970" type="method" name="_detect_output_format" crap="240" count="0"/>
      <line num="971" type="stmt" count="0"/>
      <line num="973" type="stmt" count="0"/>
      <line num="974" type="stmt" count="0"/>
      <line num="977" type="stmt" count="0"/>
      <line num="978" type="stmt" count="0"/>
      <line num="979" type="stmt" count="0"/>
      <line num="983" type="stmt" count="0"/>
      <line num="984" type="stmt" count="0"/>
      <line num="985" type="stmt" count="0"/>
      <line num="987" type="stmt" count="0"/>
      <line num="988" type="stmt" count="0"/>
      <line num="989" type="stmt" count="0"/>
      <line num="991" type="stmt" count="0"/>
      <line num="994" type="stmt" count="0"/>
      <line num="997" type="stmt" count="0"/>
      <line num="998" type="stmt" count="0"/>
      <line num="1000" type="stmt" count="0"/>
      <line num="1003" type="stmt" count="0"/>
      <line num="1004" type="stmt" count="0"/>
      <line num="1005" type="stmt" count="0"/>
      <line num="1006" type="stmt" count="0"/>
      <line num="1008" type="stmt" count="0"/>
      <line num="1010" type="stmt" count="0"/>
      <line num="1014" type="stmt" count="0"/>
      <line num="1016" type="stmt" count="0"/>
      <line num="1017" type="stmt" count="0"/>
      <line num="1019" type="stmt" count="0"/>
      <line num="1021" type="stmt" count="0"/>
      <line num="1022" type="stmt" count="0"/>
      <line num="1023" type="stmt" count="0"/>
      <line num="1026" type="stmt" count="0"/>
      <line num="1027" type="stmt" count="0"/>
      <line num="1028" type="stmt" count="0"/>
      <line num="1032" type="stmt" count="0"/>
      <line num="1041" type="method" name="_detect_method" crap="42" count="0"/>
      <line num="1042" type="stmt" count="0"/>
      <line num="1044" type="stmt" count="0"/>
      <line num="1047" type="stmt" count="0"/>
      <line num="1048" type="stmt" count="0"/>
      <line num="1049" type="stmt" count="0"/>
      <line num="1050" type="stmt" count="0"/>
      <line num="1051" type="stmt" count="0"/>
      <line num="1052" type="stmt" count="0"/>
      <line num="1053" type="stmt" count="0"/>
      <line num="1055" type="stmt" count="0"/>
      <line num="1056" type="stmt" count="0"/>
      <line num="1058" type="stmt" count="0"/>
      <line num="1059" type="stmt" count="0"/>
      <line num="1061" type="stmt" count="0"/>
      <line num="1062" type="stmt" count="0"/>
      <line num="1064" type="stmt" count="0"/>
      <line num="1073" type="method" name="_detect_api_key" crap="132" count="0"/>
      <line num="1074" type="stmt" count="0"/>
      <line num="1076" type="stmt" count="0"/>
      <line num="1079" type="stmt" count="0"/>
      <line num="1081" type="stmt" count="0"/>
      <line num="1082" type="stmt" count="0"/>
      <line num="1083" type="stmt" count="0"/>
      <line num="1084" type="stmt" count="0"/>
      <line num="1087" type="stmt" count="0"/>
      <line num="1088" type="stmt" count="0"/>
      <line num="1089" type="stmt" count="0"/>
      <line num="1090" type="stmt" count="0"/>
      <line num="1091" type="stmt" count="0"/>
      <line num="1094" type="stmt" count="0"/>
      <line num="1096" type="stmt" count="0"/>
      <line num="1097" type="stmt" count="0"/>
      <line num="1098" type="stmt" count="0"/>
      <line num="1100" type="stmt" count="0"/>
      <line num="1106" type="stmt" count="0"/>
      <line num="1107" type="stmt" count="0"/>
      <line num="1109" type="stmt" count="0"/>
      <line num="1110" type="stmt" count="0"/>
      <line num="1112" type="stmt" count="0"/>
      <line num="1113" type="stmt" count="0"/>
      <line num="1115" type="stmt" count="0"/>
      <line num="1117" type="stmt" count="0"/>
      <line num="1118" type="stmt" count="0"/>
      <line num="1120" type="stmt" count="0"/>
      <line num="1121" type="stmt" count="0"/>
      <line num="1123" type="stmt" count="0"/>
      <line num="1125" type="stmt" count="0"/>
      <line num="1130" type="stmt" count="0"/>
      <line num="1134" type="stmt" count="0"/>
      <line num="1138" type="stmt" count="0"/>
      <line num="1147" type="method" name="_detect_lang" crap="20" count="0"/>
      <line num="1148" type="stmt" count="0"/>
      <line num="1149" type="stmt" count="0"/>
      <line num="1150" type="stmt" count="0"/>
      <line num="1151" type="stmt" count="0"/>
      <line num="1152" type="stmt" count="0"/>
      <line num="1156" type="stmt" count="0"/>
      <line num="1157" type="stmt" count="0"/>
      <line num="1158" type="stmt" count="0"/>
      <line num="1160" type="stmt" count="0"/>
      <line num="1161" type="stmt" count="0"/>
      <line num="1164" type="stmt" count="0"/>
      <line num="1165" type="stmt" count="0"/>
      <line num="1166" type="stmt" count="0"/>
      <line num="1168" type="stmt" count="0"/>
      <line num="1172" type="stmt" count="0"/>
      <line num="1182" type="method" name="_log_request" crap="20" count="0"/>
      <line num="1183" type="stmt" count="0"/>
      <line num="1185" type="stmt" count="0"/>
      <line num="1186" type="stmt" count="0"/>
      <line num="1187" type="stmt" count="0"/>
      <line num="1188" type="stmt" count="0"/>
      <line num="1189" type="stmt" count="0"/>
      <line num="1190" type="stmt" count="0"/>
      <line num="1191" type="stmt" count="0"/>
      <line num="1192" type="stmt" count="0"/>
      <line num="1193" type="stmt" count="0"/>
      <line num="1195" type="stmt" count="0"/>
      <line num="1198" type="stmt" count="0"/>
      <line num="1200" type="stmt" count="0"/>
      <line num="1210" type="method" name="_check_limit" crap="182" count="0"/>
      <line num="1211" type="stmt" count="0"/>
      <line num="1213" type="stmt" count="0"/>
      <line num="1214" type="stmt" count="0"/>
      <line num="1216" type="stmt" count="0"/>
      <line num="1219" type="stmt" count="0"/>
      <line num="1221" type="stmt" count="0"/>
      <line num="1223" type="stmt" count="0"/>
      <line num="1224" type="stmt" count="0"/>
      <line num="1225" type="stmt" count="0"/>
      <line num="1226" type="stmt" count="0"/>
      <line num="1228" type="stmt" count="0"/>
      <line num="1229" type="stmt" count="0"/>
      <line num="1230" type="stmt" count="0"/>
      <line num="1232" type="stmt" count="0"/>
      <line num="1233" type="stmt" count="0"/>
      <line num="1234" type="stmt" count="0"/>
      <line num="1236" type="stmt" count="0"/>
      <line num="1237" type="stmt" count="0"/>
      <line num="1238" type="stmt" count="0"/>
      <line num="1239" type="stmt" count="0"/>
      <line num="1240" type="stmt" count="0"/>
      <line num="1241" type="stmt" count="0"/>
      <line num="1242" type="stmt" count="0"/>
      <line num="1243" type="stmt" count="0"/>
      <line num="1244" type="stmt" count="0"/>
      <line num="1245" type="stmt" count="0"/>
      <line num="1247" type="stmt" count="0"/>
      <line num="1248" type="stmt" count="0"/>
      <line num="1250" type="stmt" count="0"/>
      <line num="1254" type="stmt" count="0"/>
      <line num="1256" type="stmt" count="0"/>
      <line num="1259" type="stmt" count="0"/>
      <line num="1260" type="stmt" count="0"/>
      <line num="1261" type="stmt" count="0"/>
      <line num="1262" type="stmt" count="0"/>
      <line num="1263" type="stmt" count="0"/>
      <line num="1266" type="stmt" count="0"/>
      <line num="1267" type="stmt" count="0"/>
      <line num="1269" type="stmt" count="0"/>
      <line num="1270" type="stmt" count="0"/>
      <line num="1271" type="stmt" count="0"/>
      <line num="1272" type="stmt" count="0"/>
      <line num="1273" type="stmt" count="0"/>
      <line num="1274" type="stmt" count="0"/>
      <line num="1275" type="stmt" count="0"/>
      <line num="1278" type="stmt" count="0"/>
      <line num="1281" type="stmt" count="0"/>
      <line num="1282" type="stmt" count="0"/>
      <line num="1283" type="stmt" count="0"/>
      <line num="1284" type="stmt" count="0"/>
      <line num="1285" type="stmt" count="0"/>
      <line num="1286" type="stmt" count="0"/>
      <line num="1287" type="stmt" count="0"/>
      <line num="1293" type="stmt" count="0"/>
      <line num="1294" type="stmt" count="0"/>
      <line num="1295" type="stmt" count="0"/>
      <line num="1299" type="stmt" count="0"/>
      <line num="1300" type="stmt" count="0"/>
      <line num="1301" type="stmt" count="0"/>
      <line num="1302" type="stmt" count="0"/>
      <line num="1303" type="stmt" count="0"/>
      <line num="1306" type="stmt" count="0"/>
      <line num="1315" type="method" name="_auth_override_check" crap="756" count="0"/>
      <line num="1316" type="stmt" count="0"/>
      <line num="1318" type="stmt" count="0"/>
      <line num="1321" type="stmt" count="0"/>
      <line num="1322" type="stmt" count="0"/>
      <line num="1324" type="stmt" count="0"/>
      <line num="1325" type="stmt" count="0"/>
      <line num="1327" type="stmt" count="0"/>
      <line num="1328" type="stmt" count="0"/>
      <line num="1329" type="stmt" count="0"/>
      <line num="1333" type="stmt" count="0"/>
      <line num="1334" type="stmt" count="0"/>
      <line num="1335" type="stmt" count="0"/>
      <line num="1337" type="stmt" count="0"/>
      <line num="1341" type="stmt" count="0"/>
      <line num="1342" type="stmt" count="0"/>
      <line num="1343" type="stmt" count="0"/>
      <line num="1345" type="stmt" count="0"/>
      <line num="1349" type="stmt" count="0"/>
      <line num="1350" type="stmt" count="0"/>
      <line num="1351" type="stmt" count="0"/>
      <line num="1353" type="stmt" count="0"/>
      <line num="1357" type="stmt" count="0"/>
      <line num="1358" type="stmt" count="0"/>
      <line num="1359" type="stmt" count="0"/>
      <line num="1361" type="stmt" count="0"/>
      <line num="1363" type="stmt" count="0"/>
      <line num="1366" type="stmt" count="0"/>
      <line num="1367" type="stmt" count="0"/>
      <line num="1369" type="stmt" count="0"/>
      <line num="1370" type="stmt" count="0"/>
      <line num="1371" type="stmt" count="0"/>
      <line num="1375" type="stmt" count="0"/>
      <line num="1376" type="stmt" count="0"/>
      <line num="1377" type="stmt" count="0"/>
      <line num="1379" type="stmt" count="0"/>
      <line num="1383" type="stmt" count="0"/>
      <line num="1384" type="stmt" count="0"/>
      <line num="1385" type="stmt" count="0"/>
      <line num="1387" type="stmt" count="0"/>
      <line num="1391" type="stmt" count="0"/>
      <line num="1392" type="stmt" count="0"/>
      <line num="1393" type="stmt" count="0"/>
      <line num="1395" type="stmt" count="0"/>
      <line num="1399" type="stmt" count="0"/>
      <line num="1400" type="stmt" count="0"/>
      <line num="1401" type="stmt" count="0"/>
      <line num="1403" type="stmt" count="0"/>
      <line num="1405" type="stmt" count="0"/>
      <line num="1406" type="stmt" count="0"/>
      <line num="1409" type="stmt" count="0"/>
      <line num="1412" type="stmt" count="0"/>
      <line num="1413" type="stmt" count="0"/>
      <line num="1415" type="stmt" count="0"/>
      <line num="1416" type="stmt" count="0"/>
      <line num="1418" type="stmt" count="0"/>
      <line num="1419" type="stmt" count="0"/>
      <line num="1420" type="stmt" count="0"/>
      <line num="1424" type="stmt" count="0"/>
      <line num="1425" type="stmt" count="0"/>
      <line num="1426" type="stmt" count="0"/>
      <line num="1428" type="stmt" count="0"/>
      <line num="1432" type="stmt" count="0"/>
      <line num="1433" type="stmt" count="0"/>
      <line num="1434" type="stmt" count="0"/>
      <line num="1436" type="stmt" count="0"/>
      <line num="1440" type="stmt" count="0"/>
      <line num="1441" type="stmt" count="0"/>
      <line num="1442" type="stmt" count="0"/>
      <line num="1444" type="stmt" count="0"/>
      <line num="1448" type="stmt" count="0"/>
      <line num="1449" type="stmt" count="0"/>
      <line num="1450" type="stmt" count="0"/>
      <line num="1452" type="stmt" count="0"/>
      <line num="1454" type="stmt" count="0"/>
      <line num="1457" type="stmt" count="0"/>
      <line num="1458" type="stmt" count="0"/>
      <line num="1460" type="stmt" count="0"/>
      <line num="1461" type="stmt" count="0"/>
      <line num="1462" type="stmt" count="0"/>
      <line num="1466" type="stmt" count="0"/>
      <line num="1467" type="stmt" count="0"/>
      <line num="1468" type="stmt" count="0"/>
      <line num="1470" type="stmt" count="0"/>
      <line num="1474" type="stmt" count="0"/>
      <line num="1475" type="stmt" count="0"/>
      <line num="1476" type="stmt" count="0"/>
      <line num="1478" type="stmt" count="0"/>
      <line num="1482" type="stmt" count="0"/>
      <line num="1483" type="stmt" count="0"/>
      <line num="1484" type="stmt" count="0"/>
      <line num="1486" type="stmt" count="0"/>
      <line num="1490" type="stmt" count="0"/>
      <line num="1491" type="stmt" count="0"/>
      <line num="1492" type="stmt" count="0"/>
      <line num="1494" type="stmt" count="0"/>
      <line num="1496" type="stmt" count="0"/>
      <line num="1497" type="stmt" count="0"/>
      <line num="1498" type="stmt" count="0"/>
      <line num="1507" type="method" name="_parse_get" crap="2" count="0"/>
      <line num="1508" type="stmt" count="0"/>
      <line num="1510" type="stmt" count="0"/>
      <line num="1511" type="stmt" count="0"/>
      <line num="1519" type="method" name="_parse_post" crap="6" count="0"/>
      <line num="1520" type="stmt" count="0"/>
      <line num="1521" type="stmt" count="0"/>
      <line num="1523" type="stmt" count="0"/>
      <line num="1524" type="stmt" count="0"/>
      <line num="1525" type="stmt" count="0"/>
      <line num="1526" type="stmt" count="0"/>
      <line num="1527" type="stmt" count="0"/>
      <line num="1535" type="method" name="_parse_put" crap="20" count="0"/>
      <line num="1536" type="stmt" count="0"/>
      <line num="1537" type="stmt" count="0"/>
      <line num="1538" type="stmt" count="0"/>
      <line num="1539" type="stmt" count="0"/>
      <line num="1540" type="stmt" count="0"/>
      <line num="1541" type="stmt" count="0"/>
      <line num="1542" type="stmt" count="0"/>
      <line num="1543" type="stmt" count="0"/>
      <line num="1544" type="stmt" count="0"/>
      <line num="1545" type="stmt" count="0"/>
      <line num="1546" type="stmt" count="0"/>
      <line num="1548" type="stmt" count="0"/>
      <line num="1549" type="stmt" count="0"/>
      <line num="1550" type="stmt" count="0"/>
      <line num="1558" type="method" name="_parse_head" crap="2" count="0"/>
      <line num="1559" type="stmt" count="0"/>
      <line num="1561" type="stmt" count="0"/>
      <line num="1564" type="stmt" count="0"/>
      <line num="1565" type="stmt" count="0"/>
      <line num="1573" type="method" name="_parse_options" crap="2" count="0"/>
      <line num="1574" type="stmt" count="0"/>
      <line num="1576" type="stmt" count="0"/>
      <line num="1579" type="stmt" count="0"/>
      <line num="1580" type="stmt" count="0"/>
      <line num="1588" type="method" name="_parse_patch" crap="12" count="0"/>
      <line num="1589" type="stmt" count="0"/>
      <line num="1591" type="stmt" count="0"/>
      <line num="1592" type="stmt" count="0"/>
      <line num="1593" type="stmt" count="0"/>
      <line num="1594" type="stmt" count="0"/>
      <line num="1595" type="stmt" count="0"/>
      <line num="1596" type="stmt" count="0"/>
      <line num="1598" type="stmt" count="0"/>
      <line num="1599" type="stmt" count="0"/>
      <line num="1600" type="stmt" count="0"/>
      <line num="1608" type="method" name="_parse_delete" crap="6" count="0"/>
      <line num="1609" type="stmt" count="0"/>
      <line num="1611" type="stmt" count="0"/>
      <line num="1612" type="stmt" count="0"/>
      <line num="1613" type="stmt" count="0"/>
      <line num="1614" type="stmt" count="0"/>
      <line num="1615" type="stmt" count="0"/>
      <line num="1623" type="method" name="_parse_query" crap="2" count="0"/>
      <line num="1624" type="stmt" count="0"/>
      <line num="1625" type="stmt" count="0"/>
      <line num="1626" type="stmt" count="0"/>
      <line num="1639" type="method" name="get" crap="12" count="0"/>
      <line num="1640" type="stmt" count="0"/>
      <line num="1641" type="stmt" count="0"/>
      <line num="1642" type="stmt" count="0"/>
      <line num="1643" type="stmt" count="0"/>
      <line num="1646" type="stmt" count="0"/>
      <line num="1658" type="method" name="options" crap="12" count="0"/>
      <line num="1659" type="stmt" count="0"/>
      <line num="1660" type="stmt" count="0"/>
      <line num="1661" type="stmt" count="0"/>
      <line num="1662" type="stmt" count="0"/>
      <line num="1665" type="stmt" count="0"/>
      <line num="1677" type="method" name="head" crap="12" count="0"/>
      <line num="1678" type="stmt" count="0"/>
      <line num="1679" type="stmt" count="0"/>
      <line num="1680" type="stmt" count="0"/>
      <line num="1681" type="stmt" count="0"/>
      <line num="1684" type="stmt" count="0"/>
      <line num="1696" type="method" name="post" crap="12" count="0"/>
      <line num="1697" type="stmt" count="0"/>
      <line num="1698" type="stmt" count="0"/>
      <line num="1699" type="stmt" count="0"/>
      <line num="1700" type="stmt" count="0"/>
      <line num="1703" type="stmt" count="0"/>
      <line num="1715" type="method" name="put" crap="12" count="0"/>
      <line num="1716" type="stmt" count="0"/>
      <line num="1717" type="stmt" count="0"/>
      <line num="1718" type="stmt" count="0"/>
      <line num="1719" type="stmt" count="0"/>
      <line num="1722" type="stmt" count="0"/>
      <line num="1734" type="method" name="delete" crap="12" count="0"/>
      <line num="1735" type="stmt" count="0"/>
      <line num="1736" type="stmt" count="0"/>
      <line num="1737" type="stmt" count="0"/>
      <line num="1738" type="stmt" count="0"/>
      <line num="1741" type="stmt" count="0"/>
      <line num="1753" type="method" name="patch" crap="12" count="0"/>
      <line num="1754" type="stmt" count="0"/>
      <line num="1755" type="stmt" count="0"/>
      <line num="1756" type="stmt" count="0"/>
      <line num="1757" type="stmt" count="0"/>
      <line num="1760" type="stmt" count="0"/>
      <line num="1772" type="method" name="query" crap="12" count="0"/>
      <line num="1773" type="stmt" count="0"/>
      <line num="1774" type="stmt" count="0"/>
      <line num="1775" type="stmt" count="0"/>
      <line num="1776" type="stmt" count="0"/>
      <line num="1779" type="stmt" count="0"/>
      <line num="1791" type="method" name="_xss_clean" crap="12" count="0"/>
      <line num="1792" type="stmt" count="0"/>
      <line num="1793" type="stmt" count="0"/>
      <line num="1795" type="stmt" count="0"/>
      <line num="1804" type="method" name="validation_errors" crap="2" count="0"/>
      <line num="1805" type="stmt" count="0"/>
      <line num="1806" type="stmt" count="0"/>
      <line num="1808" type="stmt" count="0"/>
      <line num="1821" type="method" name="_perform_ldap_auth" crap="110" count="0"/>
      <line num="1822" type="stmt" count="0"/>
      <line num="1823" type="stmt" count="0"/>
      <line num="1824" type="stmt" count="0"/>
      <line num="1825" type="stmt" count="0"/>
      <line num="1826" type="stmt" count="0"/>
      <line num="1829" type="stmt" count="0"/>
      <line num="1831" type="stmt" count="0"/>
      <line num="1834" type="stmt" count="0"/>
      <line num="1835" type="stmt" count="0"/>
      <line num="1836" type="stmt" count="0"/>
      <line num="1837" type="stmt" count="0"/>
      <line num="1838" type="stmt" count="0"/>
      <line num="1839" type="stmt" count="0"/>
      <line num="1840" type="stmt" count="0"/>
      <line num="1842" type="stmt" count="0"/>
      <line num="1845" type="stmt" count="0"/>
      <line num="1847" type="stmt" count="0"/>
      <line num="1848" type="stmt" count="0"/>
      <line num="1850" type="stmt" count="0"/>
      <line num="1852" type="stmt" count="0"/>
      <line num="1855" type="stmt" count="0"/>
      <line num="1858" type="stmt" count="0"/>
      <line num="1859" type="stmt" count="0"/>
      <line num="1860" type="stmt" count="0"/>
      <line num="1861" type="stmt" count="0"/>
      <line num="1864" type="stmt" count="0"/>
      <line num="1865" type="stmt" count="0"/>
      <line num="1868" type="stmt" count="0"/>
      <line num="1869" type="stmt" count="0"/>
      <line num="1870" type="stmt" count="0"/>
      <line num="1871" type="stmt" count="0"/>
      <line num="1874" type="stmt" count="0"/>
      <line num="1875" type="stmt" count="0"/>
      <line num="1876" type="stmt" count="0"/>
      <line num="1877" type="stmt" count="0"/>
      <line num="1880" type="stmt" count="0"/>
      <line num="1881" type="stmt" count="0"/>
      <line num="1882" type="stmt" count="0"/>
      <line num="1883" type="stmt" count="0"/>
      <line num="1886" type="stmt" count="0"/>
      <line num="1887" type="stmt" count="0"/>
      <line num="1888" type="stmt" count="0"/>
      <line num="1889" type="stmt" count="0"/>
      <line num="1893" type="stmt" count="0"/>
      <line num="1894" type="stmt" count="0"/>
      <line num="1895" type="stmt" count="0"/>
      <line num="1896" type="stmt" count="0"/>
      <line num="1899" type="stmt" count="0"/>
      <line num="1901" type="stmt" count="0"/>
      <line num="1903" type="stmt" count="0"/>
      <line num="1905" type="stmt" count="0"/>
      <line num="1916" type="method" name="_perform_library_auth" crap="30" count="0"/>
      <line num="1917" type="stmt" count="0"/>
      <line num="1918" type="stmt" count="0"/>
      <line num="1919" type="stmt" count="0"/>
      <line num="1920" type="stmt" count="0"/>
      <line num="1921" type="stmt" count="0"/>
      <line num="1924" type="stmt" count="0"/>
      <line num="1925" type="stmt" count="0"/>
      <line num="1927" type="stmt" count="0"/>
      <line num="1928" type="stmt" count="0"/>
      <line num="1929" type="stmt" count="0"/>
      <line num="1930" type="stmt" count="0"/>
      <line num="1933" type="stmt" count="0"/>
      <line num="1934" type="stmt" count="0"/>
      <line num="1935" type="stmt" count="0"/>
      <line num="1936" type="stmt" count="0"/>
      <line num="1939" type="stmt" count="0"/>
      <line num="1940" type="stmt" count="0"/>
      <line num="1941" type="stmt" count="0"/>
      <line num="1942" type="stmt" count="0"/>
      <line num="1944" type="stmt" count="0"/>
      <line num="1955" type="method" name="_check_login" crap="110" count="0"/>
      <line num="1956" type="stmt" count="0"/>
      <line num="1957" type="stmt" count="0"/>
      <line num="1958" type="stmt" count="0"/>
      <line num="1959" type="stmt" count="0"/>
      <line num="1962" type="stmt" count="0"/>
      <line num="1963" type="stmt" count="0"/>
      <line num="1964" type="stmt" count="0"/>
      <line num="1966" type="stmt" count="0"/>
      <line num="1967" type="stmt" count="0"/>
      <line num="1969" type="stmt" count="0"/>
      <line num="1972" type="stmt" count="0"/>
      <line num="1973" type="stmt" count="0"/>
      <line num="1974" type="stmt" count="0"/>
      <line num="1977" type="stmt" count="0"/>
      <line num="1978" type="stmt" count="0"/>
      <line num="1979" type="stmt" count="0"/>
      <line num="1981" type="stmt" count="0"/>
      <line num="1984" type="stmt" count="0"/>
      <line num="1985" type="stmt" count="0"/>
      <line num="1986" type="stmt" count="0"/>
      <line num="1988" type="stmt" count="0"/>
      <line num="1991" type="stmt" count="0"/>
      <line num="1992" type="stmt" count="0"/>
      <line num="1993" type="stmt" count="0"/>
      <line num="1996" type="stmt" count="0"/>
      <line num="1997" type="stmt" count="0"/>
      <line num="1998" type="stmt" count="0"/>
      <line num="2001" type="stmt" count="0"/>
      <line num="2010" type="method" name="_check_php_session" crap="6" count="0"/>
      <line num="2011" type="stmt" count="0"/>
      <line num="2013" type="stmt" count="0"/>
      <line num="2016" type="stmt" count="0"/>
      <line num="2017" type="stmt" count="0"/>
      <line num="2019" type="stmt" count="0"/>
      <line num="2020" type="stmt" count="0"/>
      <line num="2021" type="stmt" count="0"/>
      <line num="2022" type="stmt" count="0"/>
      <line num="2023" type="stmt" count="0"/>
      <line num="2024" type="stmt" count="0"/>
      <line num="2032" type="method" name="_prepare_basic_auth" crap="56" count="0"/>
      <line num="2033" type="stmt" count="0"/>
      <line num="2035" type="stmt" count="0"/>
      <line num="2036" type="stmt" count="0"/>
      <line num="2037" type="stmt" count="0"/>
      <line num="2038" type="stmt" count="0"/>
      <line num="2041" type="stmt" count="0"/>
      <line num="2042" type="stmt" count="0"/>
      <line num="2044" type="stmt" count="0"/>
      <line num="2045" type="stmt" count="0"/>
      <line num="2046" type="stmt" count="0"/>
      <line num="2047" type="stmt" count="0"/>
      <line num="2048" type="stmt" count="0"/>
      <line num="2049" type="stmt" count="0"/>
      <line num="2053" type="stmt" count="0"/>
      <line num="2054" type="stmt" count="0"/>
      <line num="2056" type="stmt" count="0"/>
      <line num="2057" type="stmt" count="0"/>
      <line num="2058" type="stmt" count="0"/>
      <line num="2061" type="stmt" count="0"/>
      <line num="2062" type="stmt" count="0"/>
      <line num="2063" type="stmt" count="0"/>
      <line num="2064" type="stmt" count="0"/>
      <line num="2065" type="stmt" count="0"/>
      <line num="2073" type="method" name="_prepare_digest_auth" crap="90" count="0"/>
      <line num="2074" type="stmt" count="0"/>
      <line num="2076" type="stmt" count="0"/>
      <line num="2077" type="stmt" count="0"/>
      <line num="2078" type="stmt" count="0"/>
      <line num="2079" type="stmt" count="0"/>
      <line num="2083" type="stmt" count="0"/>
      <line num="2084" type="stmt" count="0"/>
      <line num="2085" type="stmt" count="0"/>
      <line num="2086" type="stmt" count="0"/>
      <line num="2087" type="stmt" count="0"/>
      <line num="2089" type="stmt" count="0"/>
      <line num="2093" type="stmt" count="0"/>
      <line num="2094" type="stmt" count="0"/>
      <line num="2095" type="stmt" count="0"/>
      <line num="2096" type="stmt" count="0"/>
      <line num="2099" type="stmt" count="0"/>
      <line num="2100" type="stmt" count="0"/>
      <line num="2101" type="stmt" count="0"/>
      <line num="2104" type="stmt" count="0"/>
      <line num="2105" type="stmt" count="0"/>
      <line num="2106" type="stmt" count="0"/>
      <line num="2107" type="stmt" count="0"/>
      <line num="2108" type="stmt" count="0"/>
      <line num="2110" type="stmt" count="0"/>
      <line num="2111" type="stmt" count="0"/>
      <line num="2114" type="stmt" count="0"/>
      <line num="2115" type="stmt" count="0"/>
      <line num="2117" type="stmt" count="0"/>
      <line num="2118" type="stmt" count="0"/>
      <line num="2119" type="stmt" count="0"/>
      <line num="2120" type="stmt" count="0"/>
      <line num="2121" type="stmt" count="0"/>
      <line num="2122" type="stmt" count="0"/>
      <line num="2130" type="method" name="_check_blacklist_auth" crap="6" count="0"/>
      <line num="2131" type="stmt" count="0"/>
      <line num="2133" type="stmt" count="0"/>
      <line num="2136" type="stmt" count="0"/>
      <line num="2137" type="stmt" count="0"/>
      <line num="2139" type="stmt" count="0"/>
      <line num="2140" type="stmt" count="0"/>
      <line num="2141" type="stmt" count="0"/>
      <line num="2142" type="stmt" count="0"/>
      <line num="2143" type="stmt" count="0"/>
      <line num="2144" type="stmt" count="0"/>
      <line num="2152" type="method" name="_check_whitelist_auth" crap="12" count="0"/>
      <line num="2153" type="stmt" count="0"/>
      <line num="2154" type="stmt" count="0"/>
      <line num="2156" type="stmt" count="0"/>
      <line num="2158" type="stmt" count="0"/>
      <line num="2162" type="stmt" count="0"/>
      <line num="2163" type="stmt" count="0"/>
      <line num="2165" type="stmt" count="0"/>
      <line num="2166" type="stmt" count="0"/>
      <line num="2167" type="stmt" count="0"/>
      <line num="2168" type="stmt" count="0"/>
      <line num="2169" type="stmt" count="0"/>
      <line num="2170" type="stmt" count="0"/>
      <line num="2171" type="stmt" count="0"/>
      <line num="2172" type="stmt" count="0"/>
      <line num="2182" type="method" name="_force_login" crap="20" count="0"/>
      <line num="2183" type="stmt" count="0"/>
      <line num="2184" type="stmt" count="0"/>
      <line num="2185" type="stmt" count="0"/>
      <line num="2186" type="stmt" count="0"/>
      <line num="2187" type="stmt" count="0"/>
      <line num="2189" type="stmt" count="0"/>
      <line num="2190" type="stmt" count="0"/>
      <line num="2191" type="stmt" count="0"/>
      <line num="2194" type="stmt" count="0"/>
      <line num="2196" type="stmt" count="0"/>
      <line num="2197" type="stmt" count="0"/>
      <line num="2198" type="stmt" count="0"/>
      <line num="2200" type="stmt" count="0"/>
      <line num="2201" type="stmt" count="0"/>
      <line num="2202" type="stmt" count="0"/>
      <line num="2205" type="stmt" count="0"/>
      <line num="2206" type="stmt" count="0"/>
      <line num="2207" type="stmt" count="0"/>
      <line num="2208" type="stmt" count="0"/>
      <line num="2209" type="stmt" count="0"/>
      <line num="2218" type="method" name="_log_access_time" crap="6" count="0"/>
      <line num="2219" type="stmt" count="0"/>
      <line num="2220" type="stmt" count="0"/>
      <line num="2221" type="stmt" count="0"/>
      <line num="2224" type="stmt" count="0"/>
      <line num="2226" type="stmt" count="0"/>
      <line num="2227" type="stmt" count="0"/>
      <line num="2228" type="stmt" count="0"/>
      <line num="2229" type="stmt" count="0"/>
      <line num="2240" type="method" name="_log_response_code" crap="6" count="0"/>
      <line num="2241" type="stmt" count="0"/>
      <line num="2242" type="stmt" count="0"/>
      <line num="2243" type="stmt" count="0"/>
      <line num="2246" type="stmt" count="0"/>
      <line num="2248" type="stmt" count="0"/>
      <line num="2249" type="stmt" count="0"/>
      <line num="2250" type="stmt" count="0"/>
      <line num="2251" type="stmt" count="0"/>
      <line num="2260" type="method" name="_check_access" crap="20" count="0"/>
      <line num="2261" type="stmt" count="0"/>
      <line num="2263" type="stmt" count="0"/>
      <line num="2264" type="stmt" count="0"/>
      <line num="2265" type="stmt" count="0"/>
      <line num="2269" type="stmt" count="0"/>
      <line num="2270" type="stmt" count="0"/>
      <line num="2271" type="stmt" count="0"/>
      <line num="2273" type="stmt" count="0"/>
      <line num="2274" type="stmt" count="0"/>
      <line num="2275" type="stmt" count="0"/>
      <line num="2279" type="stmt" count="0"/>
      <line num="2280" type="stmt" count="0"/>
      <line num="2281" type="stmt" count="0"/>
      <line num="2282" type="stmt" count="0"/>
      <line num="2283" type="stmt" count="0"/>
      <line num="2286" type="stmt" count="0"/>
      <line num="2289" type="stmt" count="0"/>
      <line num="2290" type="stmt" count="0"/>
      <line num="2291" type="stmt" count="0"/>
      <line num="2292" type="stmt" count="0"/>
      <line num="2293" type="stmt" count="0"/>
      <line num="2302" type="method" name="_check_cors" crap="30" count="0"/>
      <line num="2303" type="stmt" count="0"/>
      <line num="2305" type="stmt" count="0"/>
      <line num="2306" type="stmt" count="0"/>
      <line num="2309" type="stmt" count="0"/>
      <line num="2310" type="stmt" count="0"/>
      <line num="2311" type="stmt" count="0"/>
      <line num="2312" type="stmt" count="0"/>
      <line num="2313" type="stmt" count="0"/>
      <line num="2314" type="stmt" count="0"/>
      <line num="2319" type="stmt" count="0"/>
      <line num="2320" type="stmt" count="0"/>
      <line num="2321" type="stmt" count="0"/>
      <line num="2322" type="stmt" count="0"/>
      <line num="2323" type="stmt" count="0"/>
      <line num="2326" type="stmt" count="0"/>
      <line num="2327" type="stmt" count="0"/>
      <line num="2328" type="stmt" count="0"/>
      <line num="2329" type="stmt" count="0"/>
      <line num="2330" type="stmt" count="0"/>
      <line num="2331" type="stmt" count="0"/>
      <line num="2335" type="stmt" count="0"/>
      <line num="2336" type="stmt" count="0"/>
      <line num="2337" type="stmt" count="0"/>
      <line num="2338" type="stmt" count="0"/>
      <line num="2339" type="stmt" count="0"/>
      <metrics loc="2340" ncloc="1317" classes="1" methods="48" coveredmethods="0" conditionals="0" coveredconditionals="0" statements="937" coveredstatements="0" elements="985" coveredelements="0"/>
    </file>
    <file name="C:\Projetos\charles.art.br\charles.art.br-api-codeigniter\application/models/Agency_model.php">
      <class name="Agency_model" namespace="global" fullPackage="Agency">
        <metrics methods="2" coveredmethods="1" conditionals="0" coveredconditionals="0" statements="8" coveredstatements="2" elements="10" coveredelements="3"/>
      </class>
      <line num="5" type="method" name="get_all" crap="1" count="1"/>
      <line num="6" type="stmt" count="1"/>
      <line num="7" type="stmt" count="1"/>
      <line num="10" type="method" name="get" crap="12" count="0"/>
      <line num="11" type="stmt" count="0"/>
      <line num="12" type="stmt" count="0"/>
      <line num="13" type="stmt" count="0"/>
      <line num="14" type="stmt" count="0"/>
      <line num="17" type="stmt" count="0"/>
      <line num="19" type="stmt" count="0"/>
      <metrics loc="20" ncloc="20" classes="1" methods="2" coveredmethods="1" conditionals="0" coveredconditionals="0" statements="8" coveredstatements="2" elements="10" coveredelements="3"/>
    </file>
    <file name="C:\Projetos\charles.art.br\charles.art.br-api-codeigniter\application/models/Job_model.php">
      <class name="Job_model" namespace="global" fullPackage="Job">
        <metrics methods="2" coveredmethods="0" conditionals="0" coveredconditionals="0" statements="27" coveredstatements="0" elements="29" coveredelements="0"/>
      </class>
      <line num="5" type="method" name="get_all" crap="20" count="0"/>
      <line num="6" type="stmt" count="0"/>
      <line num="7" type="stmt" count="0"/>
      <line num="9" type="stmt" count="0"/>
      <line num="10" type="stmt" count="0"/>
      <line num="11" type="stmt" count="0"/>
      <line num="13" type="stmt" count="0"/>
      <line num="15" type="stmt" count="0"/>
      <line num="16" type="stmt" count="0"/>
      <line num="17" type="stmt" count="0"/>
      <line num="19" type="stmt" count="0"/>
      <line num="20" type="stmt" count="0"/>
      <line num="21" type="stmt" count="0"/>
      <line num="22" type="stmt" count="0"/>
      <line num="23" type="stmt" count="0"/>
      <line num="24" type="stmt" count="0"/>
      <line num="25" type="stmt" count="0"/>
      <line num="26" type="stmt" count="0"/>
      <line num="28" type="stmt" count="0"/>
      <line num="29" type="stmt" count="0"/>
      <line num="31" type="method" name="get" crap="12" count="0"/>
      <line num="32" type="stmt" count="0"/>
      <line num="33" type="stmt" count="0"/>
      <line num="34" type="stmt" count="0"/>
      <line num="35" type="stmt" count="0"/>
      <line num="36" type="stmt" count="0"/>
      <line num="38" type="stmt" count="0"/>
      <line num="40" type="stmt" count="0"/>
      <line num="41" type="stmt" count="0"/>
      <metrics loc="41" ncloc="41" classes="1" methods="2" coveredmethods="0" conditionals="0" coveredconditionals="0" statements="27" coveredstatements="0" elements="29" coveredelements="0"/>
    </file>
    <file name="C:\Projetos\charles.art.br\charles.art.br-api-codeigniter\application/models/Technology_model.php">
      <class name="Technology_model" namespace="global" fullPackage="Technology">
        <metrics methods="2" coveredmethods="0" conditionals="0" coveredconditionals="0" statements="11" coveredstatements="0" elements="13" coveredelements="0"/>
      </class>
      <line num="5" type="method" name="get_all" crap="2" count="0"/>
      <line num="6" type="stmt" count="0"/>
      <line num="7" type="stmt" count="0"/>
      <line num="8" type="stmt" count="0"/>
      <line num="10" type="method" name="get" crap="12" count="0"/>
      <line num="11" type="stmt" count="0"/>
      <line num="12" type="stmt" count="0"/>
      <line num="13" type="stmt" count="0"/>
      <line num="14" type="stmt" count="0"/>
      <line num="15" type="stmt" count="0"/>
      <line num="17" type="stmt" count="0"/>
      <line num="19" type="stmt" count="0"/>
      <line num="20" type="stmt" count="0"/>
      <metrics loc="20" ncloc="20" classes="1" methods="2" coveredmethods="0" conditionals="0" coveredconditionals="0" statements="11" coveredstatements="0" elements="13" coveredelements="0"/>
    </file>
    <file name="C:\Projetos\charles.art.br\charles.art.br-api-codeigniter\application/views/errors/cli/error_404.php">
      <line num="2" type="stmt" count="0"/>
      <line num="4" type="stmt" count="0"/>
      <line num="5" type="stmt" count="0"/>
      <line num="6" type="stmt" count="0"/>
      <line num="7" type="stmt" count="0"/>
      <line num="8" type="stmt" count="0"/>
      <metrics loc="7" ncloc="7" classes="0" methods="0" coveredmethods="0" conditionals="0" coveredconditionals="0" statements="5" coveredstatements="0" elements="5" coveredelements="0"/>
    </file>
    <file name="C:\Projetos\charles.art.br\charles.art.br-api-codeigniter\application/views/errors/cli/error_db.php">
      <line num="2" type="stmt" count="0"/>
      <line num="4" type="stmt" count="0"/>
      <line num="5" type="stmt" count="0"/>
      <line num="6" type="stmt" count="0"/>
      <line num="7" type="stmt" count="0"/>
      <line num="8" type="stmt" count="0"/>
      <metrics loc="7" ncloc="7" classes="0" methods="0" coveredmethods="0" conditionals="0" coveredconditionals="0" statements="5" coveredstatements="0" elements="5" coveredelements="0"/>
    </file>
    <file name="C:\Projetos\charles.art.br\charles.art.br-api-codeigniter\application/views/errors/cli/error_exception.php">
      <line num="3" type="stmt" count="0"/>
      <line num="12" type="stmt" count="0"/>
      <metrics loc="21" ncloc="21" classes="0" methods="0" coveredmethods="0" conditionals="0" coveredconditionals="0" statements="2" coveredstatements="0" elements="2" coveredelements="0"/>
    </file>
    <file name="C:\Projetos\charles.art.br\charles.art.br-api-codeigniter\application/views/errors/cli/error_general.php">
      <line num="2" type="stmt" count="0"/>
      <line num="4" type="stmt" count="0"/>
      <line num="5" type="stmt" count="0"/>
      <line num="6" type="stmt" count="0"/>
      <line num="7" type="stmt" count="0"/>
      <line num="8" type="stmt" count="0"/>
      <metrics loc="7" ncloc="7" classes="0" methods="0" coveredmethods="0" conditionals="0" coveredconditionals="0" statements="5" coveredstatements="0" elements="5" coveredelements="0"/>
    </file>
    <file name="C:\Projetos\charles.art.br\charles.art.br-api-codeigniter\application/views/errors/cli/error_php.php">
      <line num="3" type="stmt" count="0"/>
      <line num="12" type="stmt" count="0"/>
      <metrics loc="21" ncloc="21" classes="0" methods="0" coveredmethods="0" conditionals="0" coveredconditionals="0" statements="2" coveredstatements="0" elements="2" coveredelements="0"/>
    </file>
    <file name="C:\Projetos\charles.art.br\charles.art.br-api-codeigniter\application/views/errors/html/error_404.php">
      <line num="2" type="stmt" count="0"/>
      <line num="4" type="stmt" count="0"/>
      <line num="5" type="stmt" count="0"/>
      <line num="6" type="stmt" count="0"/>
      <line num="7" type="stmt" count="0"/>
      <line num="8" type="stmt" count="0"/>
      <line num="10" type="stmt" count="0"/>
      <line num="11" type="stmt" count="0"/>
      <line num="13" type="stmt" count="0"/>
      <line num="14" type="stmt" count="0"/>
      <line num="15" type="stmt" count="0"/>
      <line num="16" type="stmt" count="0"/>
      <line num="17" type="stmt" count="0"/>
      <line num="18" type="stmt" count="0"/>
      <line num="20" type="stmt" count="0"/>
      <line num="21" type="stmt" count="0"/>
      <line num="22" type="stmt" count="0"/>
      <line num="23" type="stmt" count="0"/>
      <line num="24" type="stmt" count="0"/>
      <line num="26" type="stmt" count="0"/>
      <line num="27" type="stmt" count="0"/>
      <line num="28" type="stmt" count="0"/>
      <line num="29" type="stmt" count="0"/>
      <line num="30" type="stmt" count="0"/>
      <line num="31" type="stmt" count="0"/>
      <line num="32" type="stmt" count="0"/>
      <line num="33" type="stmt" count="0"/>
      <line num="34" type="stmt" count="0"/>
      <line num="36" type="stmt" count="0"/>
      <line num="37" type="stmt" count="0"/>
      <line num="38" type="stmt" count="0"/>
      <line num="39" type="stmt" count="0"/>
      <line num="40" type="stmt" count="0"/>
      <line num="41" type="stmt" count="0"/>
      <line num="42" type="stmt" count="0"/>
      <line num="43" type="stmt" count="0"/>
      <line num="44" type="stmt" count="0"/>
      <line num="45" type="stmt" count="0"/>
      <line num="47" type="stmt" count="0"/>
      <line num="48" type="stmt" count="0"/>
      <line num="49" type="stmt" count="0"/>
      <line num="50" type="stmt" count="0"/>
      <line num="51" type="stmt" count="0"/>
      <line num="53" type="stmt" count="0"/>
      <line num="54" type="stmt" count="0"/>
      <line num="55" type="stmt" count="0"/>
      <line num="56" type="stmt" count="0"/>
      <line num="57" type="stmt" count="0"/>
      <line num="58" type="stmt" count="0"/>
      <line num="59" type="stmt" count="0"/>
      <line num="62" type="stmt" count="0"/>
      <line num="63" type="stmt" count="0"/>
      <line num="64" type="stmt" count="0"/>
      <metrics loc="63" ncloc="63" classes="0" methods="0" coveredmethods="0" conditionals="0" coveredconditionals="0" statements="52" coveredstatements="0" elements="52" coveredelements="0"/>
    </file>
    <file name="C:\Projetos\charles.art.br\charles.art.br-api-codeigniter\application/views/errors/html/error_db.php">
      <line num="2" type="stmt" count="0"/>
      <line num="4" type="stmt" count="0"/>
      <line num="5" type="stmt" count="0"/>
      <line num="6" type="stmt" count="0"/>
      <line num="7" type="stmt" count="0"/>
      <line num="8" type="stmt" count="0"/>
      <line num="10" type="stmt" count="0"/>
      <line num="11" type="stmt" count="0"/>
      <line num="13" type="stmt" count="0"/>
      <line num="14" type="stmt" count="0"/>
      <line num="15" type="stmt" count="0"/>
      <line num="16" type="stmt" count="0"/>
      <line num="17" type="stmt" count="0"/>
      <line num="18" type="stmt" count="0"/>
      <line num="20" type="stmt" count="0"/>
      <line num="21" type="stmt" count="0"/>
      <line num="22" type="stmt" count="0"/>
      <line num="23" type="stmt" count="0"/>
      <line num="24" type="stmt" count="0"/>
      <line num="26" type="stmt" count="0"/>
      <line num="27" type="stmt" count="0"/>
      <line num="28" type="stmt" count="0"/>
      <line num="29" type="stmt" count="0"/>
      <line num="30" type="stmt" count="0"/>
      <line num="31" type="stmt" count="0"/>
      <line num="32" type="stmt" count="0"/>
      <line num="33" type="stmt" count="0"/>
      <line num="34" type="stmt" count="0"/>
      <line num="36" type="stmt" count="0"/>
      <line num="37" type="stmt" count="0"/>
      <line num="38" type="stmt" count="0"/>
      <line num="39" type="stmt" count="0"/>
      <line num="40" type="stmt" count="0"/>
      <line num="41" type="stmt" count="0"/>
      <line num="42" type="stmt" count="0"/>
      <line num="43" type="stmt" count="0"/>
      <line num="44" type="stmt" count="0"/>
      <line num="45" type="stmt" count="0"/>
      <line num="47" type="stmt" count="0"/>
      <line num="48" type="stmt" count="0"/>
      <line num="49" type="stmt" count="0"/>
      <line num="50" type="stmt" count="0"/>
      <line num="51" type="stmt" count="0"/>
      <line num="53" type="stmt" count="0"/>
      <line num="54" type="stmt" count="0"/>
      <line num="55" type="stmt" count="0"/>
      <line num="56" type="stmt" count="0"/>
      <line num="57" type="stmt" count="0"/>
      <line num="58" type="stmt" count="0"/>
      <line num="59" type="stmt" count="0"/>
      <line num="62" type="stmt" count="0"/>
      <line num="63" type="stmt" count="0"/>
      <line num="64" type="stmt" count="0"/>
      <metrics loc="63" ncloc="63" classes="0" methods="0" coveredmethods="0" conditionals="0" coveredconditionals="0" statements="52" coveredstatements="0" elements="52" coveredelements="0"/>
    </file>
    <file name="C:\Projetos\charles.art.br\charles.art.br-api-codeigniter\application/views/errors/html/error_exception.php">
      <line num="2" type="stmt" count="0"/>
      <line num="5" type="stmt" count="0"/>
      <line num="7" type="stmt" count="0"/>
      <line num="16" type="stmt" count="0"/>
      <line num="21" type="stmt" count="0"/>
      <line num="25" type="stmt" count="0"/>
      <line num="32" type="stmt" count="0"/>
      <metrics loc="31" ncloc="31" classes="0" methods="0" coveredmethods="0" conditionals="0" coveredconditionals="0" statements="6" coveredstatements="0" elements="6" coveredelements="0"/>
    </file>
    <file name="C:\Projetos\charles.art.br\charles.art.br-api-codeigniter\application/views/errors/html/error_general.php">
      <line num="2" type="stmt" count="0"/>
      <line num="4" type="stmt" count="0"/>
      <line num="5" type="stmt" count="0"/>
      <line num="6" type="stmt" count="0"/>
      <line num="7" type="stmt" count="0"/>
      <line num="8" type="stmt" count="0"/>
      <line num="10" type="stmt" count="0"/>
      <line num="11" type="stmt" count="0"/>
      <line num="13" type="stmt" count="0"/>
      <line num="14" type="stmt" count="0"/>
      <line num="15" type="stmt" count="0"/>
      <line num="16" type="stmt" count="0"/>
      <line num="17" type="stmt" count="0"/>
      <line num="18" type="stmt" count="0"/>
      <line num="20" type="stmt" count="0"/>
      <line num="21" type="stmt" count="0"/>
      <line num="22" type="stmt" count="0"/>
      <line num="23" type="stmt" count="0"/>
      <line num="24" type="stmt" count="0"/>
      <line num="26" type="stmt" count="0"/>
      <line num="27" type="stmt" count="0"/>
      <line num="28" type="stmt" count="0"/>
      <line num="29" type="stmt" count="0"/>
      <line num="30" type="stmt" count="0"/>
      <line num="31" type="stmt" count="0"/>
      <line num="32" type="stmt" count="0"/>
      <line num="33" type="stmt" count="0"/>
      <line num="34" type="stmt" count="0"/>
      <line num="36" type="stmt" count="0"/>
      <line num="37" type="stmt" count="0"/>
      <line num="38" type="stmt" count="0"/>
      <line num="39" type="stmt" count="0"/>
      <line num="40" type="stmt" count="0"/>
      <line num="41" type="stmt" count="0"/>
      <line num="42" type="stmt" count="0"/>
      <line num="43" type="stmt" count="0"/>
      <line num="44" type="stmt" count="0"/>
      <line num="45" type="stmt" count="0"/>
      <line num="47" type="stmt" count="0"/>
      <line num="48" type="stmt" count="0"/>
      <line num="49" type="stmt" count="0"/>
      <line num="50" type="stmt" count="0"/>
      <line num="51" type="stmt" count="0"/>
      <line num="53" type="stmt" count="0"/>
      <line num="54" type="stmt" count="0"/>
      <line num="55" type="stmt" count="0"/>
      <line num="56" type="stmt" count="0"/>
      <line num="57" type="stmt" count="0"/>
      <line num="58" type="stmt" count="0"/>
      <line num="59" type="stmt" count="0"/>
      <line num="62" type="stmt" count="0"/>
      <line num="63" type="stmt" count="0"/>
      <line num="64" type="stmt" count="0"/>
      <metrics loc="63" ncloc="63" classes="0" methods="0" coveredmethods="0" conditionals="0" coveredconditionals="0" statements="52" coveredstatements="0" elements="52" coveredelements="0"/>
    </file>
    <file name="C:\Projetos\charles.art.br\charles.art.br-api-codeigniter\application/views/errors/html/error_php.php">
      <line num="2" type="stmt" count="0"/>
      <line num="5" type="stmt" count="0"/>
      <line num="7" type="stmt" count="0"/>
      <line num="16" type="stmt" count="0"/>
      <line num="21" type="stmt" count="0"/>
      <line num="25" type="stmt" count="0"/>
      <line num="33" type="stmt" count="0"/>
      <metrics loc="32" ncloc="32" classes="0" methods="0" coveredmethods="0" conditionals="0" coveredconditionals="0" statements="6" coveredstatements="0" elements="6" coveredelements="0"/>
    </file>
    <metrics files="20" loc="3414" ncloc="2095" classes="9" methods="75" coveredmethods="1" conditionals="0" coveredconditionals="0" statements="1457" coveredstatements="2" elements="1532" coveredelements="3"/>
  </project>
</coverage>
